#
# There is insufficient memory for the Java Runtime Environment to continue.
# Native memory allocation (malloc) failed to allocate 711376 bytes for Chunk::new
# Possible reasons:
#   The system is out of physical RAM or swap space
#   The process is running with CompressedOops enabled, and the Java Heap may be blocking the growth of the native heap
# Possible solutions:
#   Reduce memory load on the system
#   Increase physical memory or swap space
#   Check if swap backing store is full
#   Decrease Java heap size (-Xmx/-Xms)
#   Decrease number of Java threads
#   Decrease Java thread stack sizes (-Xss)
#   Set larger code cache with -XX:ReservedCodeCacheSize=
#   JVM is running with Unscaled Compressed Oops mode in which the Java heap is
#     placed in the first 4GB address space. The Java Heap base address is the
#     maximum limit for the native heap growth. Please use -XX:HeapBaseMinAddress
#     to set the Java Heap base and to place the Java Heap above 4GB virtual address.
# This output file may be truncated or incomplete.
#
#  Out of Memory Error (allocation.cpp:389), pid=2868, tid=0x0000000000001334
#
# JRE version: Java(TM) SE Runtime Environment (8.0_241-b07) (build 1.8.0_241-b07)
# Java VM: Java HotSpot(TM) 64-Bit Server VM (25.241-b07 mixed mode windows-amd64 compressed oops)
# Failed to write core dump. Minidumps are not enabled by default on client versions of Windows
#

---------------  T H R E A D  ---------------

Current thread (0x00000000168d8000):  JavaThread "C2 CompilerThread0" daemon [_thread_in_native, id=4916, stack(0x0000000017f20000,0x0000000018020000)]

Stack: [0x0000000017f20000,0x0000000018020000]
[error occurred during error reporting (printing stack bounds), id 0xc0000005]

Native frames: (J=compiled Java code, j=interpreted, Vv=VM code, C=native code)


Current CompileTask:
C2:  42733 1373       4       java.net.URLClassLoader$1::run (5 bytes)


---------------  P R O C E S S  ---------------

Java Threads: ( => current thread )
  0x00000000168e7000 JavaThread "Cache worker for journal cache (C:\Users\iRB\.gradle\caches\journal-1)" [_thread_blocked, id=10120, stack(0x000000001b470000,0x000000001b570000)]
  0x00000000168eb800 JavaThread "File lock request listener" [_thread_in_native, id=7996, stack(0x000000001b370000,0x000000001b470000)]
  0x00000000168e8800 JavaThread "Cache worker for file hash cache (C:\Users\iRB\.gradle\caches\5.4.1\fileHashes)" [_thread_blocked, id=920, stack(0x000000001b270000,0x000000001b370000)]
  0x00000000183d8800 JavaThread "Thread-9" [_thread_blocked, id=3600, stack(0x000000001b170000,0x000000001b270000)]
  0x00000000184a2000 JavaThread "Stdin handler" [_thread_blocked, id=9148, stack(0x000000001b070000,0x000000001b170000)]
  0x00000000184a1800 JavaThread "Asynchronous log dispatcher for DefaultDaemonConnection: socket connection from /127.0.0.1:50623 to /127.0.0.1:50624" [_thread_blocked, id=10412, stack(0x000000001af70000,0x000000001b070000)]
  0x0000000018b87800 JavaThread "Daemon worker" [_thread_in_native, id=8740, stack(0x000000001ae70000,0x000000001af70000)]
  0x000000001845e000 JavaThread "Cancel handler" [_thread_blocked, id=7912, stack(0x000000001ad70000,0x000000001ae70000)]
  0x0000000018275000 JavaThread "Handler for socket connection from /127.0.0.1:50623 to /127.0.0.1:50624" [_thread_in_native, id=7504, stack(0x000000001aa70000,0x000000001ab70000)]
  0x000000001859c800 JavaThread "Daemon" [_thread_blocked, id=3040, stack(0x000000001a970000,0x000000001aa70000)]
  0x000000001843c000 JavaThread "Daemon periodic checks" [_thread_blocked, id=2640, stack(0x000000001a870000,0x000000001a970000)]
  0x0000000018301000 JavaThread "Incoming local TCP Connector on port 50623" [_thread_in_native, id=9076, stack(0x000000001a630000,0x000000001a730000)]
  0x00000000199d6000 JavaThread "Daemon health stats" [_thread_blocked, id=10660, stack(0x0000000019ff0000,0x000000001a0f0000)]
  0x0000000018260000 JavaThread "Service Thread" daemon [_thread_blocked, id=6412, stack(0x0000000018620000,0x0000000018720000)]
  0x00000000168e8000 JavaThread "C1 CompilerThread2" daemon [_thread_blocked, id=6700, stack(0x0000000018120000,0x0000000018220000)]
  0x00000000168df800 JavaThread "C2 CompilerThread1" daemon [_thread_blocked, id=9668, stack(0x0000000018020000,0x0000000018120000)]
=>0x00000000168d8000 JavaThread "C2 CompilerThread0" daemon [_thread_in_native, id=4916, stack(0x0000000017f20000,0x0000000018020000)]
  0x00000000168d4800 JavaThread "Attach Listener" daemon [_thread_blocked, id=3368, stack(0x0000000017e20000,0x0000000017f20000)]
  0x00000000168d2800 JavaThread "Signal Dispatcher" daemon [_thread_blocked, id=5360, stack(0x0000000017d20000,0x0000000017e20000)]
  0x0000000002f5b800 JavaThread "Finalizer" daemon [_thread_blocked, id=1444, stack(0x0000000017b20000,0x0000000017c20000)]
  0x0000000002f52000 JavaThread "Reference Handler" daemon [_thread_blocked, id=8380, stack(0x0000000017a20000,0x0000000017b20000)]
  0x00000000014de800 JavaThread "main" [_thread_blocked, id=2756, stack(0x0000000002d60000,0x0000000002e60000)]

Other Threads:
  0x0000000016897000 VMThread [stack: 0x0000000017920000,0x0000000017a20000] [id=2120]
  0x000000001692b800 WatcherThread [stack: 0x0000000018720000,0x0000000018820000] [id=11012]

VM state:not at safepoint (normal execution)

VM Mutex/Monitor currently owned by a thread: None

heap address: 0x00000000a0000000, size: 1536 MB, Compressed Oops mode: 32-bit
Narrow klass base: 0x0000000000000000, Narrow klass shift: 3
Compressed class space size: 1073741824 Address: 0x0000000100000000

Heap:
 PSYoungGen      total 38400K, used 12629K [0x00000000e0000000, 0x00000000e2a80000, 0x0000000100000000)
  eden space 33280K, 22% used [0x00000000e0000000,0x00000000e0759118,0x00000000e2080000)
  from space 5120K, 99% used [0x00000000e2080000,0x00000000e257c5d8,0x00000000e2580000)
  to   space 5120K, 0% used [0x00000000e2580000,0x00000000e2580000,0x00000000e2a80000)
 ParOldGen       total 87552K, used 1888K [0x00000000a0000000, 0x00000000a5580000, 0x00000000e0000000)
  object space 87552K, 2% used [0x00000000a0000000,0x00000000a01d8120,0x00000000a5580000)
 Metaspace       used 14200K, capacity 14536K, committed 14720K, reserved 1062912K
  class space    used 2036K, capacity 2150K, committed 2176K, reserved 1048576K

Card table byte_map: [0x0000000012320000,0x0000000012630000] byte_map_base: 0x0000000011e20000

Marking Bits: (ParMarkBitMap*) 0x000000005e49be30
 Begin Bits: [0x0000000012c30000, 0x0000000014430000)
 End Bits:   [0x0000000014430000, 0x0000000015c30000)

Polling page: 0x0000000001490000

CodeCache: size=245760Kb used=4268Kb max_used=4310Kb free=241491Kb
 bounds [0x0000000002f60000, 0x00000000033a0000, 0x0000000011f60000]
 total_blobs=1627 nmethods=1245 adapters=294
 compilation: enabled

Compilation events (10 events):
Event: 42.391 Thread 0x00000000168e8000 nmethod 1377 0x0000000003319ed0 code [0x000000000331a040, 0x000000000331a1a8]
Event: 42.391 Thread 0x00000000168e8000 1378       3       org.gradle.internal.service.DefaultServiceRegistry$OwnServices$ProviderAnalyser::addProviderForClassHierarchy (16 bytes)
Event: 42.391 Thread 0x00000000168df800 nmethod 1379 0x0000000003312dd0 code [0x0000000003312f00, 0x0000000003312f98]
Event: 42.391 Thread 0x00000000168e8000 nmethod 1378 0x00000000032221d0 code [0x0000000003222340, 0x0000000003222598]
Event: 42.435 Thread 0x00000000168e8000 1380       3       java.util.HashSet::<init> (16 bytes)
Event: 42.435 Thread 0x00000000168e8000 nmethod 1380 0x0000000003223b10 code [0x0000000003223ca0, 0x00000000032240b0]
Event: 42.527 Thread 0x00000000168e8000 1381       3       java.lang.invoke.MethodTypeForm::canonicalizeAll (66 bytes)
Event: 42.528 Thread 0x00000000168e8000 nmethod 1381 0x0000000003277190 code [0x0000000003277340, 0x0000000003277978]
Event: 42.528 Thread 0x00000000168e8000 1383       3       java.lang.invoke.LambdaForm$BasicType::basicTypeChar (8 bytes)
Event: 42.528 Thread 0x00000000168e8000 nmethod 1383 0x0000000003276a10 code [0x0000000003276ba0, 0x0000000003276fa8]

GC Heap History (6 events):
Event: 25.677 GC heap before
{Heap before GC invocations=1 (full 0):
 PSYoungGen      total 38400K, used 33280K [0x00000000e0000000, 0x00000000e2a80000, 0x0000000100000000)
  eden space 33280K, 100% used [0x00000000e0000000,0x00000000e2080000,0x00000000e2080000)
  from space 5120K, 0% used [0x00000000e2580000,0x00000000e2580000,0x00000000e2a80000)
  to   space 5120K, 0% used [0x00000000e2080000,0x00000000e2080000,0x00000000e2580000)
 ParOldGen       total 87552K, used 0K [0x00000000a0000000, 0x00000000a5580000, 0x00000000e0000000)
  object space 87552K, 0% used [0x00000000a0000000,0x00000000a0000000,0x00000000a5580000)
 Metaspace       used 6716K, capacity 6928K, committed 7168K, reserved 1056768K
  class space    used 843K, capacity 908K, committed 1024K, reserved 1048576K
Event: 25.683 GC heap after
Heap after GC invocations=1 (full 0):
 PSYoungGen      total 38400K, used 4181K [0x00000000e0000000, 0x00000000e2a80000, 0x0000000100000000)
  eden space 33280K, 0% used [0x00000000e0000000,0x00000000e0000000,0x00000000e2080000)
  from space 5120K, 81% used [0x00000000e2080000,0x00000000e2495708,0x00000000e2580000)
  to   space 5120K, 0% used [0x00000000e2580000,0x00000000e2580000,0x00000000e2a80000)
 ParOldGen       total 87552K, used 8K [0x00000000a0000000, 0x00000000a5580000, 0x00000000e0000000)
  object space 87552K, 0% used [0x00000000a0000000,0x00000000a0002000,0x00000000a5580000)
 Metaspace       used 6716K, capacity 6928K, committed 7168K, reserved 1056768K
  class space    used 843K, capacity 908K, committed 1024K, reserved 1048576K
}
Event: 36.284 GC heap before
{Heap before GC invocations=2 (full 0):
 PSYoungGen      total 38400K, used 37461K [0x00000000e0000000, 0x00000000e2a80000, 0x0000000100000000)
  eden space 33280K, 100% used [0x00000000e0000000,0x00000000e2080000,0x00000000e2080000)
  from space 5120K, 81% used [0x00000000e2080000,0x00000000e2495708,0x00000000e2580000)
  to   space 5120K, 0% used [0x00000000e2580000,0x00000000e2580000,0x00000000e2a80000)
 ParOldGen       total 87552K, used 8K [0x00000000a0000000, 0x00000000a5580000, 0x00000000e0000000)
  object space 87552K, 0% used [0x00000000a0000000,0x00000000a0002000,0x00000000a5580000)
 Metaspace       used 9065K, capacity 9342K, committed 9600K, reserved 1056768K
  class space    used 1216K, capacity 1325K, committed 1408K, reserved 1048576K
Event: 36.290 GC heap after
Heap after GC invocations=2 (full 0):
 PSYoungGen      total 38400K, used 4481K [0x00000000e0000000, 0x00000000e2a80000, 0x0000000100000000)
  eden space 33280K, 0% used [0x00000000e0000000,0x00000000e0000000,0x00000000e2080000)
  from space 5120K, 87% used [0x00000000e2580000,0x00000000e29e05a8,0x00000000e2a80000)
  to   space 5120K, 0% used [0x00000000e2080000,0x00000000e2080000,0x00000000e2580000)
 ParOldGen       total 87552K, used 16K [0x00000000a0000000, 0x00000000a5580000, 0x00000000e0000000)
  object space 87552K, 0% used [0x00000000a0000000,0x00000000a0004000,0x00000000a5580000)
 Metaspace       used 9065K, capacity 9342K, committed 9600K, reserved 1056768K
  class space    used 1216K, capacity 1325K, committed 1408K, reserved 1048576K
}
Event: 41.787 GC heap before
{Heap before GC invocations=3 (full 0):
 PSYoungGen      total 38400K, used 37761K [0x00000000e0000000, 0x00000000e2a80000, 0x0000000100000000)
  eden space 33280K, 100% used [0x00000000e0000000,0x00000000e2080000,0x00000000e2080000)
  from space 5120K, 87% used [0x00000000e2580000,0x00000000e29e05a8,0x00000000e2a80000)
  to   space 5120K, 0% used [0x00000000e2080000,0x00000000e2080000,0x00000000e2580000)
 ParOldGen       total 87552K, used 16K [0x00000000a0000000, 0x00000000a5580000, 0x00000000e0000000)
  object space 87552K, 0% used [0x00000000a0000000,0x00000000a0004000,0x00000000a5580000)
 Metaspace       used 13450K, capacity 13862K, committed 14208K, reserved 1060864K
  class space    used 1913K, capacity 2053K, committed 2176K, reserved 1048576K
Event: 41.797 GC heap after
Heap after GC invocations=3 (full 0):
 PSYoungGen      total 38400K, used 5105K [0x00000000e0000000, 0x00000000e2a80000, 0x0000000100000000)
  eden space 33280K, 0% used [0x00000000e0000000,0x00000000e0000000,0x00000000e2080000)
  from space 5120K, 99% used [0x00000000e2080000,0x00000000e257c5d8,0x00000000e2580000)
  to   space 5120K, 0% used [0x00000000e2580000,0x00000000e2580000,0x00000000e2a80000)
 ParOldGen       total 87552K, used 1888K [0x00000000a0000000, 0x00000000a5580000, 0x00000000e0000000)
  object space 87552K, 2% used [0x00000000a0000000,0x00000000a01d8120,0x00000000a5580000)
 Metaspace       used 13450K, capacity 13862K, committed 14208K, reserved 1060864K
  class space    used 1913K, capacity 2053K, committed 2176K, reserved 1048576K
}

Deoptimization events (10 events):
Event: 39.762 Thread 0x0000000018b87800 Uncommon trap: reason=class_check action=maybe_recompile pc=0x0000000003216d38 method=java.util.HashMap.putVal(ILjava/lang/Object;Ljava/lang/Object;ZZ)Ljava/lang/Object; @ 203
Event: 39.762 Thread 0x0000000018b87800 Uncommon trap: reason=bimorphic action=maybe_recompile pc=0x000000000321634c method=java.util.HashMap.putVal(ILjava/lang/Object;Ljava/lang/Object;ZZ)Ljava/lang/Object; @ 253
Event: 39.762 Thread 0x0000000018b87800 Uncommon trap: reason=bimorphic action=maybe_recompile pc=0x000000000321634c method=java.util.HashMap.putVal(ILjava/lang/Object;Ljava/lang/Object;ZZ)Ljava/lang/Object; @ 253
Event: 39.762 Thread 0x0000000018b87800 Uncommon trap: reason=bimorphic action=maybe_recompile pc=0x000000000321634c method=java.util.HashMap.putVal(ILjava/lang/Object;Ljava/lang/Object;ZZ)Ljava/lang/Object; @ 253
Event: 39.762 Thread 0x0000000018b87800 Uncommon trap: reason=bimorphic action=maybe_recompile pc=0x000000000321634c method=java.util.HashMap.putVal(ILjava/lang/Object;Ljava/lang/Object;ZZ)Ljava/lang/Object; @ 253
Event: 39.762 Thread 0x0000000018b87800 Uncommon trap: reason=bimorphic action=maybe_recompile pc=0x000000000320e564 method=java.util.HashMap.putVal(ILjava/lang/Object;Ljava/lang/Object;ZZ)Ljava/lang/Object; @ 253
Event: 41.760 Thread 0x0000000018b87800 Uncommon trap: reason=class_check action=maybe_recompile pc=0x0000000003244718 method=java.util.regex.Matcher.match(II)Z @ 86
Event: 41.776 Thread 0x0000000018b87800 Uncommon trap: reason=class_check action=maybe_recompile pc=0x0000000003244718 method=java.util.regex.Matcher.match(II)Z @ 86
Event: 41.777 Thread 0x0000000018b87800 Uncommon trap: reason=class_check action=maybe_recompile pc=0x0000000003244718 method=java.util.regex.Matcher.match(II)Z @ 86
Event: 41.777 Thread 0x0000000018b87800 Uncommon trap: reason=class_check action=maybe_recompile pc=0x00000000031f85e0 method=java.util.regex.Matcher.match(II)Z @ 86

Classes redefined (0 events):
No events

Internal exceptions (10 events):
Event: 36.262 Thread 0x00000000014de800 Exception <a 'java/lang/NoSuchFieldError': method resolution failed> (0x00000000e1fd0db8) thrown at [C:\ade\jenkins\workspace\8-2-build-windows-amd64-cygwin\jdk8u241\331\hotspot\src\share\vm\prims\methodHandles.cpp, line 1167]
Event: 36.266 Thread 0x00000000014de800 Exception <a 'java/lang/NoSuchFieldError': method resolution failed> (0x00000000e1fdebb8) thrown at [C:\ade\jenkins\workspace\8-2-build-windows-amd64-cygwin\jdk8u241\331\hotspot\src\share\vm\prims\methodHandles.cpp, line 1167]
Event: 38.318 Thread 0x00000000014de800 Exception <a 'java/io/IOException'> (0x00000000e0722718) thrown at [C:\ade\jenkins\workspace\8-2-build-windows-amd64-cygwin\jdk8u241\331\hotspot\src\share\vm\prims\jni.cpp, line 710]
Event: 39.501 Thread 0x0000000018275000 Exception <a 'java/lang/NoSuchMethodError': <clinit>> (0x00000000e092de70) thrown at [C:\ade\jenkins\workspace\8-2-build-windows-amd64-cygwin\jdk8u241\331\hotspot\src\share\vm\prims\jni.cpp, line 1614]
Event: 39.504 Thread 0x0000000018275000 Exception <a 'java/lang/NoSuchMethodError': <clinit>> (0x00000000e0937be0) thrown at [C:\ade\jenkins\workspace\8-2-build-windows-amd64-cygwin\jdk8u241\331\hotspot\src\share\vm\prims\jni.cpp, line 1614]
Event: 39.509 Thread 0x0000000018275000 Exception <a 'java/lang/NoSuchMethodError': <clinit>> (0x00000000e094bcf8) thrown at [C:\ade\jenkins\workspace\8-2-build-windows-amd64-cygwin\jdk8u241\331\hotspot\src\share\vm\prims\jni.cpp, line 1614]
Event: 39.584 Thread 0x0000000018275000 Exception <a 'java/lang/NoSuchMethodError': <clinit>> (0x00000000e09a64b8) thrown at [C:\ade\jenkins\workspace\8-2-build-windows-amd64-cygwin\jdk8u241\331\hotspot\src\share\vm\prims\jni.cpp, line 1614]
Event: 39.644 Thread 0x0000000018275000 Exception <a 'java/lang/NoSuchMethodError': <clinit>> (0x00000000e09ddd20) thrown at [C:\ade\jenkins\workspace\8-2-build-windows-amd64-cygwin\jdk8u241\331\hotspot\src\share\vm\prims\jni.cpp, line 1614]
Event: 39.653 Thread 0x0000000018275000 Exception <a 'java/lang/NoSuchMethodError': <clinit>> (0x00000000e0a13900) thrown at [C:\ade\jenkins\workspace\8-2-build-windows-amd64-cygwin\jdk8u241\331\hotspot\src\share\vm\prims\jni.cpp, line 1614]
Event: 39.655 Thread 0x0000000018275000 Exception <a 'java/lang/NoSuchMethodError': <clinit>> (0x00000000e0a1f2c0) thrown at [C:\ade\jenkins\workspace\8-2-build-windows-amd64-cygwin\jdk8u241\331\hotspot\src\share\vm\prims\jni.cpp, line 1614]

Events (10 events):
Event: 42.545 loading class org/gradle/api/internal/artifacts/component/ComponentIdentifierFactory
Event: 42.545 loading class org/gradle/api/internal/artifacts/component/ComponentIdentifierFactory done
Event: 42.577 loading class org/gradle/api/internal/artifacts/mvnsettings/MavenFileLocations
Event: 42.577 loading class org/gradle/api/internal/artifacts/mvnsettings/MavenFileLocations done
Event: 42.596 loading class org/gradle/api/internal/artifacts/mvnsettings/MavenSettingsProvider
Event: 42.596 loading class org/gradle/api/internal/artifacts/mvnsettings/MavenSettingsProvider done
Event: 42.597 loading class org/gradle/api/internal/artifacts/ArtifactDependencyResolver
Event: 42.597 loading class org/gradle/api/internal/artifacts/ArtifactDependencyResolver done
Event: 42.597 loading class org/gradle/internal/resource/cached/CachedExternalResourceIndex
Event: 42.597 loading class org/gradle/internal/resource/cached/CachedExternalResourceIndex done


Dynamic libraries:
0x00007ff603af0000 - 0x00007ff603b27000 	C:\Program Files\Java\jdk1.8.0_241\bin\java.exe
0x00007ffa0c200000 - 0x00007ffa0c3f0000 	C:\Windows\SYSTEM32\ntdll.dll
0x00007ffa0b4e0000 - 0x00007ffa0b592000 	C:\Windows\System32\KERNEL32.DLL
0x00007ffa09220000 - 0x00007ffa094c3000 	C:\Windows\System32\KERNELBASE.dll
0x00007ffa0c020000 - 0x00007ffa0c0c3000 	C:\Windows\System32\ADVAPI32.dll
0x00007ffa0a5b0000 - 0x00007ffa0a64e000 	C:\Windows\System32\msvcrt.dll
0x00007ffa0bd10000 - 0x00007ffa0bda7000 	C:\Windows\System32\sechost.dll
0x00007ffa0aba0000 - 0x00007ffa0acc0000 	C:\Windows\System32\RPCRT4.dll
0x00007ffa0a410000 - 0x00007ffa0a5a4000 	C:\Windows\System32\USER32.dll
0x00007ffa094d0000 - 0x00007ffa094f1000 	C:\Windows\System32\win32u.dll
0x00007ffa0a2b0000 - 0x00007ffa0a2d6000 	C:\Windows\System32\GDI32.dll
0x00007ffa095a0000 - 0x00007ffa09734000 	C:\Windows\System32\gdi32full.dll
0x00007ffa09500000 - 0x00007ffa0959e000 	C:\Windows\System32\msvcp_win.dll
0x00007ffa09910000 - 0x00007ffa09a0a000 	C:\Windows\System32\ucrtbase.dll
0x00007ff9fc560000 - 0x00007ff9fc7e5000 	C:\Windows\WinSxS\amd64_microsoft.windows.common-controls_6595b64144ccf1df_6.0.18362.657_none_e6c5b579130e3898\COMCTL32.dll
0x00007ffa0b130000 - 0x00007ffa0b466000 	C:\Windows\System32\combase.dll
0x00007ffa09740000 - 0x00007ffa097c0000 	C:\Windows\System32\bcryptPrimitives.dll
0x00007ffa0a660000 - 0x00007ffa0a68e000 	C:\Windows\System32\IMM32.DLL
0x000000005e520000 - 0x000000005e5f2000 	C:\Program Files\Java\jdk1.8.0_241\jre\bin\msvcr100.dll
0x000000005dc70000 - 0x000000005e51c000 	C:\Program Files\Java\jdk1.8.0_241\jre\bin\server\jvm.dll
0x00007ffa0bd00000 - 0x00007ffa0bd08000 	C:\Windows\System32\PSAPI.DLL
0x00007ff9fa190000 - 0x00007ff9fa199000 	C:\Windows\SYSTEM32\WSOCK32.dll
0x00007ffa05300000 - 0x00007ffa05324000 	C:\Windows\SYSTEM32\WINMM.dll
0x00007ff9fd9e0000 - 0x00007ff9fd9ea000 	C:\Windows\SYSTEM32\VERSION.dll
0x00007ffa0b470000 - 0x00007ffa0b4df000 	C:\Windows\System32\WS2_32.dll
0x00007ffa052d0000 - 0x00007ffa052fd000 	C:\Windows\SYSTEM32\WINMMBASE.dll
0x00007ffa09a10000 - 0x00007ffa09a5a000 	C:\Windows\System32\cfgmgr32.dll
0x00007ffa04ac0000 - 0x00007ffa04acf000 	C:\Program Files\Java\jdk1.8.0_241\jre\bin\verify.dll
0x00007ff9f1e90000 - 0x00007ff9f1eb9000 	C:\Program Files\Java\jdk1.8.0_241\jre\bin\java.dll
0x00007ff9f2800000 - 0x00007ff9f2816000 	C:\Program Files\Java\jdk1.8.0_241\jre\bin\zip.dll
0x00007ffa0b610000 - 0x00007ffa0bcf5000 	C:\Windows\System32\SHELL32.dll
0x00007ffa0a8d0000 - 0x00007ffa0a979000 	C:\Windows\System32\shcore.dll
0x00007ffa09b30000 - 0x00007ffa0a2af000 	C:\Windows\System32\windows.storage.dll
0x00007ffa090e0000 - 0x00007ffa090ff000 	C:\Windows\System32\profapi.dll
0x00007ffa09120000 - 0x00007ffa0916a000 	C:\Windows\System32\powrprof.dll
0x00007ffa090d0000 - 0x00007ffa090e0000 	C:\Windows\System32\UMPDC.dll
0x00007ffa0a2e0000 - 0x00007ffa0a332000 	C:\Windows\System32\shlwapi.dll
0x00007ffa09100000 - 0x00007ffa09111000 	C:\Windows\System32\kernel.appcore.dll
0x00007ffa09b10000 - 0x00007ffa09b27000 	C:\Windows\System32\cryptsp.dll
0x00007ff9f2820000 - 0x00007ff9f283a000 	C:\Program Files\Java\jdk1.8.0_241\jre\bin\net.dll
0x00007ffa08940000 - 0x00007ffa089a7000 	C:\Windows\system32\mswsock.dll
0x00007ff9f1e70000 - 0x00007ff9f1e82000 	C:\Program Files\Java\jdk1.8.0_241\jre\bin\nio.dll
0x00007ff9fac30000 - 0x00007ff9fac56000 	C:\Users\iRB\.gradle\native\29\windows-amd64\native-platform.dll
0x00007ff9fd560000 - 0x00007ff9fd56d000 	C:\Program Files\Java\jdk1.8.0_241\jre\bin\management.dll
0x00007ffa084b0000 - 0x00007ffa084e3000 	C:\Windows\system32\rsaenh.dll
0x00007ffa091f0000 - 0x00007ffa09216000 	C:\Windows\System32\bcrypt.dll
0x00007ffa08ff0000 - 0x00007ffa09015000 	C:\Windows\SYSTEM32\USERENV.dll
0x00007ffa08b10000 - 0x00007ffa08b1c000 	C:\Windows\SYSTEM32\CRYPTBASE.dll
0x00007ffa08650000 - 0x00007ffa0868a000 	C:\Windows\SYSTEM32\IPHLPAPI.DLL
0x00007ffa0a650000 - 0x00007ffa0a658000 	C:\Windows\System32\NSI.dll
0x00007ffa01900000 - 0x00007ffa01916000 	C:\Windows\SYSTEM32\dhcpcsvc6.DLL
0x00007ffa018e0000 - 0x00007ffa018fc000 	C:\Windows\SYSTEM32\dhcpcsvc.DLL
0x00007ffa086a0000 - 0x00007ffa0876a000 	C:\Windows\SYSTEM32\DNSAPI.dll

VM Arguments:
jvm_args: -Xmx1536m -Dfile.encoding=windows-1252 -Duser.country=US -Duser.language=en -Duser.variant 
java_command: org.gradle.launcher.daemon.bootstrap.GradleDaemon 5.4.1
java_class_path (initial): C:\Users\iRB\.gradle\wrapper\dists\gradle-5.4.1-all\3221gyojl5jsh0helicew7rwx\gradle-5.4.1\lib\gradle-launcher-5.4.1.jar
Launcher Type: SUN_STANDARD

Environment Variables:
JAVA_HOME=C:\Program Files\Java\jdk1.8.0_241
JRE_HOME=C:\Program Files\Java\jre1.8.0_241
PATH=C:\Python27\;C:\Python27\Scripts;C:\Program Files (x86)\Common Files\Oracle\Java\javapath;C:\Windows\system32;C:\Windows;C:\Windows\System32\Wbem;C:\Windows\System32\WindowsPowerShell\v1.0\;C:\Windows\System32\OpenSSH\;C:\Users\iRB\.gradle\wrapper\dists\gradle-5.4.1-all\3221gyojl5jsh0helicew7rwx\gradle-5.4.1\bin;C:\ProgramData\chocolatey\bin;C:\Users\iRB\AppData\Local\Programs\Python\Python38\Scripts\;C:\Users\iRB\AppData\Local\Programs\Python\Python38\;C:\Users\iRB\AppData\Local\Microsoft\WindowsApps;C:\Users\iRB\AppData\Local\Programs\Microsoft VS Code\bin;C:\Program Files\Java\jdk1.8.0_241\bin
USERNAME=iRB
OS=Windows_NT
PROCESSOR_IDENTIFIER=Intel64 Family 6 Model 78 Stepping 3, GenuineIntel



---------------  S Y S T E M  ---------------

OS: Windows 10.0 , 64 bit Build 18362 (10.0.18362.329)

CPU:total 4 (initial active 4) (2 cores per cpu, 2 threads per core) family 6 model 78 stepping 3, cmov, cx8, fxsr, mmx, sse, sse2, sse3, ssse3, sse4.1, sse4.2, popcnt, avx, avx2, aes, clmul, erms, 3dnowpref, lzcnt, ht, tsc, tscinvbit, bmi1, bmi2, adx

Memory: 4k page, physical 8276908k(706084k free), swap 33442732k(9944k free)

vm_info: Java HotSpot(TM) 64-Bit Server VM (25.241-b07) for windows-amd64 JRE (1.8.0_241-b07), built on Dec 11 2019 10:21:40 by "rejava" with MS VC++ 10.0 (VS2010)

time: Fri Mar 13 19:14:48 2020
timezone: India Standard Time
elapsed time: 42 seconds (0d 0h 0m 42s)

